#
# A fatal error has been detected by the Java Runtime Environment:
#
#  EXCEPTION_ACCESS_VIOLATION (0xc0000005) at pc=0x00007ffe1e0ede22, pid=5912, tid=0x00000000000025c4
#
# JRE version: Java(TM) SE Runtime Environment (8.0_161-b12) (build 1.8.0_161-b12)
# Java VM: Java HotSpot(TM) 64-Bit Server VM (25.161-b12 mixed mode windows-amd64 compressed oops)
# Problematic frame:
# C  [ig7icd64.dll+0x2ade22]
#
# Failed to write core dump. Minidumps are not enabled by default on client versions of Windows
#
# If you would like to submit a bug report, please visit:
#   http://bugreport.java.com/bugreport/crash.jsp
# The crash happened outside the Java Virtual Machine in native code.
# See problematic frame for where to report the bug.
#

---------------  T H R E A D  ---------------

Current thread (0x000000001ab2e000):  JavaThread "AWT-EventQueue-0" [_thread_in_native, id=9668, stack(0x000000001bec0000,0x000000001bfc0000)]

siginfo: ExceptionCode=0xc0000005, writing address 0x0000000000000000

Registers:
RAX=0x000000003f800000, RBX=0x000000001d6e4638, RCX=0x0000000000000000, RDX=0x0000000002f49ff0
RSP=0x000000001bfbbed8, RBP=0x000000001bfbbf10, RSI=0x0000000000000000, RDI=0x000000001e18df80
R8 =0x0000000000000000, R9 =0x0000000000000ba6, R10=0x001605ce7ffc80ff, R11=0x0000000000000000
R12=0x0000000000000000, R13=0x000000001d6e4638, R14=0x000000001bfbc018, R15=0x000000001ab2e000
RIP=0x00007ffe1e0ede22, EFLAGS=0x0000000000010202

Top of Stack: (sp=0x000000001bfbbed8)
0x000000001bfbbed8:   00007ffe1e0f87b3 000000001d6e4638
0x000000001bfbbee8:   000000001ab2e000 000000001d6e4638
0x000000001bfbbef8:   0000000000000118 0000000004a5835d
0x000000001bfbbf08:   000000001bfbbfc8 0000000004a5835d
0x000000001bfbbf18:   0000000000000118 000000001bfbbfc8
0x000000001bfbbf28:   0000000004a686c7 000000001d6e4638
0x000000001bfbbf38:   000000001bfbc018 0000000000000118
0x000000001bfbbf48:   000000001ab2e000 0000000000000000
0x000000001bfbbf58:   0000000000000001 00007ffe1e33ea80
0x000000001bfbbf68:   000000001d6e4638 0000000000000118
0x000000001bfbbf78:   000000001ab2e000 0000000004a683c2
0x000000001bfbbf88:   000000001bfbbf88 000000001d6e4638
0x000000001bfbbf98:   000000001bfbc018 000000001d810028
0x000000001bfbbfa8:   0000000000000000 000000001d6e4638
0x000000001bfbbfb8:   0000000000000000 000000001bfbbfe8
0x000000001bfbbfc8:   000000001bfbc060 0000000004a5835d 

Instructions: (pc=0x00007ffe1e0ede22)
0x00007ffe1e0ede02:   0f 2c 42 1c 48 89 41 68 f3 48 0f 2c 42 2c 48 89
0x00007ffe1e0ede12:   41 70 f3 48 0f 2c 42 3c 48 89 41 78 c3 cc 8b 02
0x00007ffe1e0ede22:   89 01 8b 42 10 89 41 04 8b 42 20 89 41 08 8b 42
0x00007ffe1e0ede32:   30 89 41 0c 8b 42 04 89 41 10 8b 42 14 89 41 14 


Register to memory mapping:

RAX=0x000000003f800000 is an unknown value
RBX={method} {0x000000001d6e4640} 'dispatch_glGetFloatv1' '(ILjava/lang/Object;IZJ)V' in 'jogamp/opengl/gl4/GL4bcImpl'
RCX=0x0000000000000000 is an unknown value
RDX=0x0000000002f49ff0 is an unknown value
RSP=0x000000001bfbbed8 is pointing into the stack for thread: 0x000000001ab2e000
RBP=0x000000001bfbbf10 is pointing into the stack for thread: 0x000000001ab2e000
RSI=0x0000000000000000 is an unknown value
RDI=0x000000001e18df80 is an unknown value
R8 =0x0000000000000000 is an unknown value
R9 =0x0000000000000ba6 is an unknown value
R10=0x001605ce7ffc80ff is an unknown value
R11=0x0000000000000000 is an unknown value
R12=0x0000000000000000 is an unknown value
R13={method} {0x000000001d6e4640} 'dispatch_glGetFloatv1' '(ILjava/lang/Object;IZJ)V' in 'jogamp/opengl/gl4/GL4bcImpl'
R14=0x000000001bfbc018 is pointing into the stack for thread: 0x000000001ab2e000
R15=0x000000001ab2e000 is a thread


Stack: [0x000000001bec0000,0x000000001bfc0000],  sp=0x000000001bfbbed8,  free space=1007k
Native frames: (J=compiled Java code, j=interpreted, Vv=VM code, C=native code)
C  [ig7icd64.dll+0x2ade22]

Java frames: (J=compiled Java code, j=interpreted, Vv=VM code)
j  jogamp.opengl.gl4.GL4bcImpl.dispatch_glGetFloatv1(ILjava/lang/Object;IZJ)V+0
j  jogamp.opengl.gl4.GL4bcImpl.glGetFloatv(ILjava/nio/FloatBuffer;)V+75
j  algorithm.PaintersAlgorithm$DrawingPanel$1.display(Lcom/jogamp/opengl/GLAutoDrawable;)V+50
j  jogamp.opengl.GLDrawableHelper.displayImpl(Lcom/jogamp/opengl/GLAutoDrawable;)V+62
j  jogamp.opengl.GLDrawableHelper.display(Lcom/jogamp/opengl/GLAutoDrawable;)V+2
j  com.jogamp.opengl.awt.GLJPanel$Updater.display(Lcom/jogamp/opengl/GLAutoDrawable;)V+200
j  com.jogamp.opengl.awt.GLJPanel$10.run()V+11
j  jogamp.opengl.GLDrawableHelper.invokeGLImpl(Lcom/jogamp/opengl/GLDrawable;Lcom/jogamp/opengl/GLContext;Ljava/lang/Runnable;Ljava/lang/Runnable;)V+203
j  jogamp.opengl.GLDrawableHelper.invokeGL(Lcom/jogamp/opengl/GLDrawable;Lcom/jogamp/opengl/GLContext;Ljava/lang/Runnable;Ljava/lang/Runnable;)V+72
j  com.jogamp.opengl.awt.GLJPanel$OffscreenBackend.doPaintComponent(Ljava/awt/Graphics;)V+29
j  com.jogamp.opengl.awt.GLJPanel.paintComponent(Ljava/awt/Graphics;)V+224
j  javax.swing.JComponent.paint(Ljava/awt/Graphics;)V+286
j  javax.swing.JComponent.paintChildren(Ljava/awt/Graphics;)V+501
j  javax.swing.JComponent.paint(Ljava/awt/Graphics;)V+318
j  javax.swing.JComponent.paintChildren(Ljava/awt/Graphics;)V+501
j  javax.swing.JComponent.paint(Ljava/awt/Graphics;)V+318
j  javax.swing.JLayeredPane.paint(Ljava/awt/Graphics;)V+73
j  javax.swing.JComponent.paintChildren(Ljava/awt/Graphics;)V+501
j  javax.swing.JComponent.paintToOffscreen(Ljava/awt/Graphics;IIIIII)V+72
j  javax.swing.RepaintManager$PaintManager.paintDoubleBuffered(Ljavax/swing/JComponent;Ljava/awt/Image;Ljava/awt/Graphics;IIII)V+163
j  javax.swing.RepaintManager$PaintManager.paint(Ljavax/swing/JComponent;Ljavax/swing/JComponent;Ljava/awt/Graphics;IIII)Z+116
j  javax.swing.RepaintManager.paint(Ljavax/swing/JComponent;Ljavax/swing/JComponent;Ljava/awt/Graphics;IIII)V+51
j  javax.swing.JComponent.paint(Ljava/awt/Graphics;)V+221
j  java.awt.GraphicsCallback$PaintCallback.run(Ljava/awt/Component;Ljava/awt/Graphics;)V+2
j  sun.awt.SunGraphicsCallback.runOneComponent(Ljava/awt/Component;Ljava/awt/Rectangle;Ljava/awt/Graphics;Ljava/awt/Shape;I)V+155
j  sun.awt.SunGraphicsCallback.runComponents([Ljava/awt/Component;Ljava/awt/Graphics;I)V+194
j  java.awt.Container.paint(Ljava/awt/Graphics;)V+58
j  java.awt.Window.paint(Ljava/awt/Graphics;)V+68
j  javax.swing.RepaintManager$4.run()Ljava/lang/Void;+142
j  javax.swing.RepaintManager$4.run()Ljava/lang/Object;+1
v  ~StubRoutines::call_stub
j  java.security.AccessController.doPrivileged(Ljava/security/PrivilegedAction;Ljava/security/AccessControlContext;)Ljava/lang/Object;+0
j  java.security.ProtectionDomain$JavaSecurityAccessImpl.doIntersectionPrivilege(Ljava/security/PrivilegedAction;Ljava/security/AccessControlContext;Ljava/security/AccessControlContext;)Ljava/lang/Object;+18
j  javax.swing.RepaintManager.paintDirtyRegions(Ljava/util/Map;)V+154
j  javax.swing.RepaintManager.paintDirtyRegions()V+46
j  javax.swing.RepaintManager.prePaintDirtyRegions()V+73
j  javax.swing.RepaintManager.access$1200(Ljavax/swing/RepaintManager;)V+1
j  javax.swing.RepaintManager$ProcessingRunnable.run()V+37
j  java.awt.event.InvocationEvent.dispatch()V+47
j  java.awt.EventQueue.dispatchEventImpl(Ljava/awt/AWTEvent;Ljava/lang/Object;)V+21
j  java.awt.EventQueue.access$500(Ljava/awt/EventQueue;Ljava/awt/AWTEvent;Ljava/lang/Object;)V+3
j  java.awt.EventQueue$3.run()Ljava/lang/Void;+32
j  java.awt.EventQueue$3.run()Ljava/lang/Object;+1
v  ~StubRoutines::call_stub
j  java.security.AccessController.doPrivileged(Ljava/security/PrivilegedAction;Ljava/security/AccessControlContext;)Ljava/lang/Object;+0
j  java.security.ProtectionDomain$JavaSecurityAccessImpl.doIntersectionPrivilege(Ljava/security/PrivilegedAction;Ljava/security/AccessControlContext;Ljava/security/AccessControlContext;)Ljava/lang/Object;+18
j  java.awt.EventQueue.dispatchEvent(Ljava/awt/AWTEvent;)V+46
j  java.awt.EventDispatchThread.pumpOneEventForFilters(I)V+245
j  java.awt.EventDispatchThread.pumpEventsForFilter(ILjava/awt/Conditional;Ljava/awt/EventFilter;)V+35
j  java.awt.EventDispatchThread.pumpEventsForHierarchy(ILjava/awt/Conditional;Ljava/awt/Component;)V+11
j  java.awt.EventDispatchThread.pumpEvents(ILjava/awt/Conditional;)V+4
j  java.awt.EventDispatchThread.pumpEvents(Ljava/awt/Conditional;)V+3
j  java.awt.EventDispatchThread.run()V+9
v  ~StubRoutines::call_stub

---------------  P R O C E S S  ---------------

Java Threads: ( => current thread )
  0x000000000313e000 JavaThread "DestroyJavaVM" [_thread_blocked, id=7972, stack(0x0000000003020000,0x0000000003120000)]
  0x000000001ca3e000 JavaThread "main-SharedResourceRunner" daemon [_thread_blocked, id=5856, stack(0x000000001db00000,0x000000001dc00000)]
=>0x000000001ab2e000 JavaThread "AWT-EventQueue-0" [_thread_in_native, id=9668, stack(0x000000001bec0000,0x000000001bfc0000)]
  0x000000001ab0d000 JavaThread "AWT-Windows" daemon [_thread_in_native, id=904, stack(0x000000001aed0000,0x000000001afd0000)]
  0x000000001ab0c000 JavaThread "AWT-Shutdown" [_thread_blocked, id=8476, stack(0x000000001add0000,0x000000001aed0000)]
  0x000000001ab0b000 JavaThread "Java2D Disposer" daemon [_thread_blocked, id=7328, stack(0x000000001acd0000,0x000000001add0000)]
  0x00000000193ac000 JavaThread "Service Thread" daemon [_thread_blocked, id=5212, stack(0x000000001a590000,0x000000001a690000)]
  0x00000000193a5800 JavaThread "C1 CompilerThread1" daemon [_thread_blocked, id=9020, stack(0x000000001a490000,0x000000001a590000)]
  0x0000000019349800 JavaThread "C2 CompilerThread0" daemon [_thread_blocked, id=7480, stack(0x000000001a390000,0x000000001a490000)]
  0x0000000019348800 JavaThread "Attach Listener" daemon [_thread_blocked, id=9164, stack(0x000000001a290000,0x000000001a390000)]
  0x0000000004a4e000 JavaThread "Signal Dispatcher" daemon [_thread_blocked, id=7532, stack(0x000000001a190000,0x000000001a290000)]
  0x0000000019338800 JavaThread "Finalizer" daemon [_thread_blocked, id=8132, stack(0x0000000019fa0000,0x000000001a0a0000)]
  0x0000000004a3f000 JavaThread "Reference Handler" daemon [_thread_blocked, id=9764, stack(0x0000000019ea0000,0x0000000019fa0000)]

Other Threads:
  0x0000000019315800 VMThread [stack: 0x0000000019da0000,0x0000000019ea0000] [id=3376]
  0x00000000193af000 WatcherThread [stack: 0x000000001a690000,0x000000001a790000] [id=8248]

VM state:not at safepoint (normal execution)

VM Mutex/Monitor currently owned by a thread: None

Heap:
 PSYoungGen      total 38400K, used 30120K [0x00000000d5e00000, 0x00000000d8880000, 0x0000000100000000)
  eden space 33280K, 76% used [0x00000000d5e00000,0x00000000d76bb968,0x00000000d7e80000)
  from space 5120K, 93% used [0x00000000d7e80000,0x00000000d832e888,0x00000000d8380000)
  to   space 5120K, 0% used [0x00000000d8380000,0x00000000d8380000,0x00000000d8880000)
 ParOldGen       total 87552K, used 8K [0x0000000081a00000, 0x0000000086f80000, 0x00000000d5e00000)
  object space 87552K, 0% used [0x0000000081a00000,0x0000000081a02000,0x0000000086f80000)
 Metaspace       used 15600K, capacity 15748K, committed 16128K, reserved 1062912K
  class space    used 1634K, capacity 1705K, committed 1792K, reserved 1048576K

Card table byte_map: [0x0000000013e10000,0x0000000014210000] byte_map_base: 0x0000000013a03000

Marking Bits: (ParMarkBitMap*) 0x000000005405f860
 Begin Bits: [0x00000000146c0000, 0x0000000016658000)
 End Bits:   [0x0000000016658000, 0x00000000185f0000)

Polling page: 0x0000000002e10000

CodeCache: size=245760Kb used=3253Kb max_used=3253Kb free=242506Kb
 bounds [0x0000000004a50000, 0x0000000004d80000, 0x0000000013a50000]
 total_blobs=1690 nmethods=824 adapters=780
 compilation: enabled

Compilation events (10 events):
Event: 6.888 Thread 0x00000000193a5800  819       3       java.lang.ClassLoader::defineClass (43 bytes)
Event: 6.888 Thread 0x00000000193a5800 nmethod 819 0x0000000004d77ad0 code [0x0000000004d77cc0, 0x0000000004d78888]
Event: 6.888 Thread 0x00000000193a5800  820   !   3       java.lang.ClassLoader::checkCerts (195 bytes)
Event: 6.890 Thread 0x00000000193a5800 nmethod 820 0x0000000004d78d90 code [0x0000000004d79040, 0x0000000004d7a6b8]
Event: 6.890 Thread 0x00000000193a5800  821       3       java.net.URLClassLoader::getAndVerifyPackage (109 bytes)
Event: 6.891 Thread 0x00000000193a5800 nmethod 821 0x0000000004d7b090 code [0x0000000004d7b380, 0x0000000004d7cb08]
Event: 6.891 Thread 0x00000000193a5800  823       3       java.util.ArrayDeque::add (7 bytes)
Event: 6.891 Thread 0x00000000193a5800 nmethod 823 0x0000000004d7d910 code [0x0000000004d7da80, 0x0000000004d7dc28]
Event: 6.891 Thread 0x00000000193a5800  824       3       java.util.ArrayDeque::addLast (53 bytes)
Event: 6.891 Thread 0x00000000193a5800 nmethod 824 0x0000000004d7dcd0 code [0x0000000004d7de60, 0x0000000004d7e278]

GC Heap History (2 events):
Event: 2.090 GC heap before
{Heap before GC invocations=1 (full 0):
 PSYoungGen      total 38400K, used 33280K [0x00000000d5e00000, 0x00000000d8880000, 0x0000000100000000)
  eden space 33280K, 100% used [0x00000000d5e00000,0x00000000d7e80000,0x00000000d7e80000)
  from space 5120K, 0% used [0x00000000d8380000,0x00000000d8380000,0x00000000d8880000)
  to   space 5120K, 0% used [0x00000000d7e80000,0x00000000d7e80000,0x00000000d8380000)
 ParOldGen       total 87552K, used 0K [0x0000000081a00000, 0x0000000086f80000, 0x00000000d5e00000)
  object space 87552K, 0% used [0x0000000081a00000,0x0000000081a00000,0x0000000086f80000)
 Metaspace       used 14240K, capacity 14430K, committed 14720K, reserved 1062912K
  class space    used 1477K, capacity 1544K, committed 1664K, reserved 1048576K
Event: 2.104 GC heap after
Heap after GC invocations=1 (full 0):
 PSYoungGen      total 38400K, used 4794K [0x00000000d5e00000, 0x00000000d8880000, 0x0000000100000000)
  eden space 33280K, 0% used [0x00000000d5e00000,0x00000000d5e00000,0x00000000d7e80000)
  from space 5120K, 93% used [0x00000000d7e80000,0x00000000d832e888,0x00000000d8380000)
  to   space 5120K, 0% used [0x00000000d8380000,0x00000000d8380000,0x00000000d8880000)
 ParOldGen       total 87552K, used 8K [0x0000000081a00000, 0x0000000086f80000, 0x00000000d5e00000)
  object space 87552K, 0% used [0x0000000081a00000,0x0000000081a02000,0x0000000086f80000)
 Metaspace       used 14240K, capacity 14430K, committed 14720K, reserved 1062912K
  class space    used 1477K, capacity 1544K, committed 1664K, reserved 1048576K
}

Deoptimization events (4 events):
Event: 0.168 Thread 0x000000000313e000 Uncommon trap: reason=unstable_if action=reinterpret pc=0x0000000004b76438 method=java.lang.String.hashCode()I @ 14
Event: 0.680 Thread 0x000000000313e000 Uncommon trap: reason=unstable_if action=reinterpret pc=0x0000000004c3643c method=java.lang.String.indexOf([CII[CIII)I @ 3
Event: 6.762 Thread 0x000000000313e000 Uncommon trap: reason=unstable_if action=reinterpret pc=0x0000000004d3c8f4 method=java.lang.reflect.AccessibleObject.setAccessible0(Ljava/lang/reflect/AccessibleObject;Z)V @ 4
Event: 6.856 Thread 0x000000001ab2e000 Uncommon trap: reason=unstable_if action=reinterpret pc=0x0000000004d499ac method=java.lang.String.lastIndexOf([CII[CIII)I @ 17

Classes redefined (0 events):
No events

Internal exceptions (10 events):
Event: 0.044 Thread 0x000000000313e000 Exception <a 'java/lang/NoSuchMethodError': Method sun.misc.Unsafe.defineClass(Ljava/lang/String;[BII)Ljava/lang/Class; name or signature does not match> (0x00000000d5e07ca0) thrown at [C:\re\workspace\8-2-build-windows-amd64-cygwin\jdk8u161\10277\hotspot
Event: 0.044 Thread 0x000000000313e000 Exception <a 'java/lang/NoSuchMethodError': Method sun.misc.Unsafe.prefetchRead(Ljava/lang/Object;J)V name or signature does not match> (0x00000000d5e07f88) thrown at [C:\re\workspace\8-2-build-windows-amd64-cygwin\jdk8u161\10277\hotspot\src\share\vm\prim
Event: 0.223 Thread 0x000000000313e000 Exception <a 'java/security/PrivilegedActionException'> (0x00000000d5fb5340) thrown at [C:\re\workspace\8-2-build-windows-amd64-cygwin\jdk8u161\10277\hotspot\src\share\vm\prims\jvm.cpp, line 1390]
Event: 0.223 Thread 0x000000000313e000 Exception <a 'java/security/PrivilegedActionException'> (0x00000000d5fb5550) thrown at [C:\re\workspace\8-2-build-windows-amd64-cygwin\jdk8u161\10277\hotspot\src\share\vm\prims\jvm.cpp, line 1390]
Event: 0.224 Thread 0x000000000313e000 Exception <a 'java/security/PrivilegedActionException'> (0x00000000d5fb91c0) thrown at [C:\re\workspace\8-2-build-windows-amd64-cygwin\jdk8u161\10277\hotspot\src\share\vm\prims\jvm.cpp, line 1390]
Event: 0.224 Thread 0x000000000313e000 Exception <a 'java/security/PrivilegedActionException'> (0x00000000d5fb93d0) thrown at [C:\re\workspace\8-2-build-windows-amd64-cygwin\jdk8u161\10277\hotspot\src\share\vm\prims\jvm.cpp, line 1390]
Event: 0.233 Thread 0x000000000313e000 Exception <a 'java/io/FileNotFoundException'> (0x00000000d5fc5918) thrown at [C:\re\workspace\8-2-build-windows-amd64-cygwin\jdk8u161\10277\hotspot\src\share\vm\prims\jni.cpp, line 709]
Event: 0.318 Thread 0x000000000313e000 Exception <a 'java/lang/NoSuchFieldError': method resolution failed> (0x00000000d6096118) thrown at [C:\re\workspace\8-2-build-windows-amd64-cygwin\jdk8u161\10277\hotspot\src\share\vm\prims\methodHandles.cpp, line 1167]
Event: 0.328 Thread 0x000000000313e000 Exception <a 'java/lang/NoSuchFieldError': method resolution failed> (0x00000000d60a3690) thrown at [C:\re\workspace\8-2-build-windows-amd64-cygwin\jdk8u161\10277\hotspot\src\share\vm\prims\methodHandles.cpp, line 1167]
Event: 0.442 Thread 0x000000000313e000 Exception <a 'java/io/FileNotFoundException'> (0x00000000d622ff20) thrown at [C:\re\workspace\8-2-build-windows-amd64-cygwin\jdk8u161\10277\hotspot\src\share\vm\prims\jni.cpp, line 709]

Events (10 events):
Event: 6.883 loading class com/jogamp/opengl/glu/GLU
Event: 6.883 loading class com/jogamp/opengl/glu/GLU done
Event: 6.885 loading class com/jogamp/opengl/glu/GLUquadric
Event: 6.885 loading class com/jogamp/opengl/glu/GLUquadric done
Event: 6.886 loading class com/jogamp/opengl/glu/gl2/GLUgl2
Event: 6.886 loading class com/jogamp/opengl/glu/gl2/GLUgl2 done
Event: 6.887 loading class com/jogamp/opengl/glu/gl2es1/GLUgl2es1
Event: 6.887 loading class com/jogamp/opengl/glu/gl2es1/GLUgl2es1 done
Event: 6.892 loading class jogamp/opengl/ProjectFloat
Event: 6.892 loading class jogamp/opengl/ProjectFloat done


Dynamic libraries:
0x00007ff65a880000 - 0x00007ff65a8b7000 	C:\Program Files\Java\jre1.8.0_161\bin\javaw.exe
0x00007ffe5cc10000 - 0x00007ffe5cdf0000 	C:\WINDOWS\SYSTEM32\ntdll.dll
0x00007ffe37f90000 - 0x00007ffe37fc4000 	C:\Program Files\AVAST Software\Avast\x64\aswhooka.dll
0x00007ffe5a550000 - 0x00007ffe5a5fe000 	C:\WINDOWS\System32\KERNEL32.DLL
0x00007ffe59010000 - 0x00007ffe59276000 	C:\WINDOWS\System32\KERNELBASE.dll
0x00007ffe5b180000 - 0x00007ffe5b221000 	C:\WINDOWS\System32\ADVAPI32.dll
0x00007ffe5a4b0000 - 0x00007ffe5a54d000 	C:\WINDOWS\System32\msvcrt.dll
0x00007ffe5b410000 - 0x00007ffe5b46b000 	C:\WINDOWS\System32\sechost.dll
0x00007ffe5b4b0000 - 0x00007ffe5b5cf000 	C:\WINDOWS\System32\RPCRT4.dll
0x00007ffe5a770000 - 0x00007ffe5a8ff000 	C:\WINDOWS\System32\USER32.dll
0x00007ffe59280000 - 0x00007ffe592a0000 	C:\WINDOWS\System32\win32u.dll
0x00007ffe5b480000 - 0x00007ffe5b4a8000 	C:\WINDOWS\System32\GDI32.dll
0x00007ffe59f40000 - 0x00007ffe5a0d3000 	C:\WINDOWS\System32\gdi32full.dll
0x00007ffe59c20000 - 0x00007ffe59cbb000 	C:\WINDOWS\System32\msvcp_win.dll
0x00007ffe59b20000 - 0x00007ffe59c16000 	C:\WINDOWS\System32\ucrtbase.dll
0x00007ffe4b1d0000 - 0x00007ffe4b439000 	C:\WINDOWS\WinSxS\amd64_microsoft.windows.common-controls_6595b64144ccf1df_6.0.16299.248_none_15ced204935f55d7\COMCTL32.dll
0x00007ffe5a900000 - 0x00007ffe5ac08000 	C:\WINDOWS\System32\combase.dll
0x00007ffe59350000 - 0x00007ffe593c2000 	C:\WINDOWS\System32\bcryptPrimitives.dll
0x00007ffe5a280000 - 0x00007ffe5a2ad000 	C:\WINDOWS\System32\IMM32.DLL
0x0000000053530000 - 0x0000000053602000 	C:\Program Files\Java\jre1.8.0_161\bin\msvcr100.dll
0x0000000053840000 - 0x00000000540df000 	C:\Program Files\Java\jre1.8.0_161\bin\server\jvm.dll
0x00007ffe5b170000 - 0x00007ffe5b178000 	C:\WINDOWS\System32\PSAPI.DLL
0x00007ffe56ff0000 - 0x00007ffe56ff9000 	C:\WINDOWS\SYSTEM32\WSOCK32.dll
0x00007ffe5a2b0000 - 0x00007ffe5a31c000 	C:\WINDOWS\System32\WS2_32.dll
0x00007ffe55be0000 - 0x00007ffe55c03000 	C:\WINDOWS\SYSTEM32\WINMM.dll
0x00007ffe4f290000 - 0x00007ffe4f29a000 	C:\WINDOWS\SYSTEM32\VERSION.dll
0x00007ffe55ae0000 - 0x00007ffe55b0a000 	C:\WINDOWS\SYSTEM32\WINMMBASE.dll
0x00007ffe592a0000 - 0x00007ffe592ea000 	C:\WINDOWS\System32\cfgmgr32.dll
0x0000000054790000 - 0x000000005479f000 	C:\Program Files\Java\jre1.8.0_161\bin\verify.dll
0x0000000054760000 - 0x0000000054789000 	C:\Program Files\Java\jre1.8.0_161\bin\java.dll
0x0000000054740000 - 0x0000000054756000 	C:\Program Files\Java\jre1.8.0_161\bin\zip.dll
0x00007ffe5b5d0000 - 0x00007ffe5ca06000 	C:\WINDOWS\System32\SHELL32.dll
0x00007ffe5ac10000 - 0x00007ffe5acb6000 	C:\WINDOWS\System32\shcore.dll
0x00007ffe593d0000 - 0x00007ffe59b17000 	C:\WINDOWS\System32\windows.storage.dll
0x00007ffe5cb80000 - 0x00007ffe5cbd1000 	C:\WINDOWS\System32\shlwapi.dll
0x00007ffe58fd0000 - 0x00007ffe58fe1000 	C:\WINDOWS\System32\kernel.appcore.dll
0x00007ffe58f60000 - 0x00007ffe58fac000 	C:\WINDOWS\System32\powrprof.dll
0x00007ffe58fb0000 - 0x00007ffe58fcb000 	C:\WINDOWS\System32\profapi.dll
0x0000000053390000 - 0x0000000053528000 	C:\Program Files\Java\jre1.8.0_161\bin\awt.dll
0x00007ffe5cab0000 - 0x00007ffe5cb75000 	C:\WINDOWS\System32\OLEAUT32.dll
0x00007ffe57530000 - 0x00007ffe575b8000 	C:\WINDOWS\SYSTEM32\apphelp.dll
0x00007ffe57740000 - 0x00007ffe577d5000 	C:\WINDOWS\system32\uxtheme.dll
0x00007ffe5a600000 - 0x00007ffe5a767000 	C:\WINDOWS\System32\MSCTF.dll
0x00007ffe57810000 - 0x00007ffe5783a000 	C:\WINDOWS\system32\dwmapi.dll
0x00007ffe5b230000 - 0x00007ffe5b379000 	C:\WINDOWS\System32\ole32.dll
0x00007ffe4cc30000 - 0x00007ffe4cd4e000 	C:\WINDOWS\system32\opengl32.dll
0x00007ffe53c30000 - 0x00007ffe53c5c000 	C:\WINDOWS\SYSTEM32\GLU32.dll
0x0000000053690000 - 0x00000000536d7000 	C:\Program Files\Java\jre1.8.0_161\bin\fontmanager.dll
0x00007ffe53180000 - 0x00007ffe53218000 	C:\WINDOWS\System32\TextInputFramework.dll
0x00007ffe4bfd0000 - 0x00007ffe4c2be000 	C:\WINDOWS\System32\CoreUIComponents.dll
0x00007ffe54da0000 - 0x00007ffe54e7c000 	C:\WINDOWS\System32\CoreMessaging.dll
0x00007ffe58120000 - 0x00007ffe58151000 	C:\WINDOWS\SYSTEM32\ntmarta.dll
0x00007ffe56800000 - 0x00007ffe56936000 	C:\WINDOWS\SYSTEM32\wintypes.dll
0x00007ffe58950000 - 0x00007ffe58967000 	C:\WINDOWS\SYSTEM32\CRYPTSP.dll
0x00007ffe583a0000 - 0x00007ffe583d3000 	C:\WINDOWS\system32\rsaenh.dll
0x00007ffe58a60000 - 0x00007ffe58a85000 	C:\WINDOWS\SYSTEM32\bcrypt.dll
0x00007ffe58e60000 - 0x00007ffe58e89000 	C:\WINDOWS\SYSTEM32\USERENV.dll
0x00007ffe58970000 - 0x00007ffe5897b000 	C:\WINDOWS\SYSTEM32\CRYPTBASE.dll
0x0000000054720000 - 0x000000005473a000 	C:\Program Files\Java\jre1.8.0_161\bin\net.dll
0x00007ffe58790000 - 0x00007ffe587f6000 	C:\WINDOWS\system32\mswsock.dll
0x00007ffe58520000 - 0x00007ffe58559000 	C:\WINDOWS\SYSTEM32\IPHLPAPI.DLL
0x00007ffe5b3a0000 - 0x00007ffe5b3a8000 	C:\WINDOWS\System32\NSI.dll
0x00007ffe54100000 - 0x00007ffe54116000 	C:\WINDOWS\SYSTEM32\dhcpcsvc6.DLL
0x00007ffe541b0000 - 0x00007ffe541ca000 	C:\WINDOWS\SYSTEM32\dhcpcsvc.DLL
0x00007ffe5ca10000 - 0x00007ffe5caae000 	C:\WINDOWS\System32\clbcatq.dll
0x0000000054700000 - 0x0000000054711000 	C:\Program Files\Java\jre1.8.0_161\bin\nio.dll
0x00000000637c0000 - 0x00000000637cd000 	C:\Users\SourceJW\AppData\Local\Temp\jogamp_0000\file_cache\jln5520822513600702972\jln7986365218252276052\natives\windows-amd64\gluegen-rt.dll
0x0000000053680000 - 0x0000000053687000 	C:\Program Files\Java\jre1.8.0_161\bin\jawt.dll
0x000000006a440000 - 0x000000006a44d000 	C:\Users\SourceJW\AppData\Local\Temp\jogamp_0000\file_cache\jln5520822513600702972\jln7986365218252276052\natives\windows-amd64\nativewindow_awt.dll
0x000000006c100000 - 0x000000006c10f000 	C:\Users\SourceJW\AppData\Local\Temp\jogamp_0000\file_cache\jln5520822513600702972\jln7986365218252276052\natives\windows-amd64\nativewindow_win32.dll
0x0000000064500000 - 0x00000000645b1000 	C:\Users\SourceJW\AppData\Local\Temp\jogamp_0000\file_cache\jln5520822513600702972\jln7986365218252276052\natives\windows-amd64\jogl_desktop.dll
0x0000000064340000 - 0x00000000643a2000 	C:\Users\SourceJW\AppData\Local\Temp\jogamp_0000\file_cache\jln5520822513600702972\jln7986365218252276052\natives\windows-amd64\jogl_mobile.dll
0x00007ffe1de40000 - 0x00007ffe1e673000 	C:\WINDOWS\SYSTEM32\ig7icd64.dll
0x00007ffe49470000 - 0x00007ffe498cf000 	C:\WINDOWS\SYSTEM32\igdusc64.dll
0x00007ffe56a90000 - 0x00007ffe56aa3000 	C:\WINDOWS\SYSTEM32\WTSAPI32.dll
0x0000000053630000 - 0x0000000053672000 	C:\Program Files\Java\jre1.8.0_161\bin\t2k.dll
0x00007ffe4d7f0000 - 0x00007ffe4d9b8000 	C:\WINDOWS\SYSTEM32\dbghelp.dll

VM Arguments:
jvm_args: -Dfile.encoding=Cp1252 
java_command: algorithm.Main
java_class_path (initial): C:\Program Files\Java\jre1.8.0_161\lib\resources.jar;C:\Program Files\Java\jre1.8.0_161\lib\rt.jar;C:\Program Files\Java\jre1.8.0_161\lib\jsse.jar;C:\Program Files\Java\jre1.8.0_161\lib\jce.jar;C:\Program Files\Java\jre1.8.0_161\lib\charsets.jar;C:\Program Files\Java\jre1.8.0_161\lib\jfr.jar;C:\Program Files\Java\jre1.8.0_161\lib\ext\access-bridge-64.jar;C:\Program Files\Java\jre1.8.0_161\lib\ext\cldrdata.jar;C:\Program Files\Java\jre1.8.0_161\lib\ext\dnsns.jar;C:\Program Files\Java\jre1.8.0_161\lib\ext\jaccess.jar;C:\Program Files\Java\jre1.8.0_161\lib\ext\jfxrt.jar;C:\Program Files\Java\jre1.8.0_161\lib\ext\localedata.jar;C:\Program Files\Java\jre1.8.0_161\lib\ext\nashorn.jar;C:\Program Files\Java\jre1.8.0_161\lib\ext\sunec.jar;C:\Program Files\Java\jre1.8.0_161\lib\ext\sunjce_provider.jar;C:\Program Files\Java\jre1.8.0_161\lib\ext\sunmscapi.jar;C:\Program Files\Java\jre1.8.0_161\lib\ext\sunpkcs11.jar;C:\Program Files\Java\jre1.8.0_161\lib\ext\zipfs.jar;C:\Users\SourceJW\git\PaintersAlgorithm\build\classes;C:\Users\SourceJW\git\PaintersAlgorithm\dist\lib\gluegen-rt-natives-windows-amd64.jar;C:\Users\SourceJW\git\PaintersAlgorithm\dist\lib\gluegen-rt.jar;C:\Users\SourceJW\git\PaintersAlgorithm\dist\lib\jogl-all-natives-windows-amd64.jar;C:\Users\SourceJW\git\PaintersAlgorithm\dist\lib\jogl-all.jar;C:\Users\SourceJW\git\PaintersAlgorithm\dist\3dGraphicsTutPoint.jar
Launcher Type: SUN_STANDARD

Environment Variables:
PATH=C:/Program Files/Java/jre1.8.0_161/bin/server;C:/Program Files/Java/jre1.8.0_161/bin;C:/Program Files/Java/jre1.8.0_161/lib/amd64;C:\Program Files\RSA SecurID Token Common;C:\ProgramData\Oracle\Java\javapath;C:\WINDOWS\system32;C:\WINDOWS;C:\WINDOWS\System32\Wbem;C:\WINDOWS\System32\WindowsPowerShell\v1.0\;C:\Program Files\TortoiseSVN\bin;C:\Users\SourceJW\AppData\Local\Microsoft\WindowsApps;%DASHLANE_DLL_DIR%;C:\Users\SourceJW\Desktop\Others\Tools\eclipse;
USERNAME=SourceJW
OS=Windows_NT
PROCESSOR_IDENTIFIER=Intel64 Family 6 Model 58 Stepping 9, GenuineIntel



---------------  S Y S T E M  ---------------

OS: Windows 10.0 , 64 bit Build 16299 (10.0.16299.15)

CPU:total 2 (initial active 2) (2 cores per cpu, 1 threads per core) family 6 model 58 stepping 9, cmov, cx8, fxsr, mmx, sse, sse2, sse3, ssse3, sse4.1, sse4.2, popcnt, clmul, erms, tsc, tscinvbit, tscinv

Memory: 4k page, physical 8275224k(4231760k free), swap 10241304k(5855160k free)

vm_info: Java HotSpot(TM) 64-Bit Server VM (25.161-b12) for windows-amd64 JRE (1.8.0_161-b12), built on Dec 19 2017 17:52:25 by "java_re" with MS VC++ 10.0 (VS2010)

time: Thu Mar 08 22:15:05 2018
elapsed time: 6 seconds (0d 0h 0m 6s)

